<?xml version="1.0" encoding="UTF-8"?>
<testsuite name="com.ubs.opsit.interviews.BerlinClockTest" tests="12" skipped="0" failures="1" errors="0" timestamp="2018-06-03T20:53:42" hostname="LAPTOP-BOG31FPL" time="0.004">
  <properties/>
  <testcase name="testBottomMinutesShouldHave4Lamps" classname="com.ubs.opsit.interviews.BerlinClockTest" time="0.0"/>
  <testcase name="testBerlinClockShouldResultCorrectSecondsHoursAndMinutes" classname="com.ubs.opsit.interviews.BerlinClockTest" time="0.0"/>
  <testcase name="testBerlinClockFailureTestCase" classname="com.ubs.opsit.interviews.BerlinClockTest" time="0.003">
    <failure message="org.junit.ComparisonFailure: expected:&lt;Y&#13;&#10;RR[RO&#13;&#10;ROOO&#13;&#10;YYRYYRYOOOO&#13;&#10;YYO]O&gt; but was:&lt;Y&#13;&#10;RR[OO&#13;&#10;RRRR&#13;&#10;YYRYYRYOOOO&#13;&#10;YYY]O&gt;" type="org.junit.ComparisonFailure">org.junit.ComparisonFailure: expected:&lt;Y
RR[RO
ROOO
YYRYYRYOOOO
YYO]O&gt; but was:&lt;Y
RR[OO
RRRR
YYRYYRYOOOO
YYY]O&gt;
	at org.junit.Assert.assertEquals(Assert.java:115)
	at org.junit.Assert.assertEquals(Assert.java:144)
	at com.ubs.opsit.interviews.BerlinClockTest.testBerlinClockFailureTestCase(BerlinClockTest.java:99)
	at sun.reflect.NativeMethodAccessorImpl.invoke0(Native Method)
	at sun.reflect.NativeMethodAccessorImpl.invoke(NativeMethodAccessorImpl.java:62)
	at sun.reflect.DelegatingMethodAccessorImpl.invoke(DelegatingMethodAccessorImpl.java:43)
	at java.lang.reflect.Method.invoke(Method.java:498)
	at org.junit.runners.model.FrameworkMethod$1.runReflectiveCall(FrameworkMethod.java:47)
	at org.junit.internal.runners.model.ReflectiveCallable.run(ReflectiveCallable.java:12)
	at org.junit.runners.model.FrameworkMethod.invokeExplosively(FrameworkMethod.java:44)
	at org.junit.internal.runners.statements.InvokeMethod.evaluate(InvokeMethod.java:17)
	at org.junit.runners.ParentRunner.runLeaf(ParentRunner.java:271)
	at org.junit.runners.BlockJUnit4ClassRunner.runChild(BlockJUnit4ClassRunner.java:70)
	at org.junit.runners.BlockJUnit4ClassRunner.runChild(BlockJUnit4ClassRunner.java:50)
	at org.junit.runners.ParentRunner$3.run(ParentRunner.java:238)
	at org.junit.runners.ParentRunner$1.schedule(ParentRunner.java:63)
	at org.junit.runners.ParentRunner.runChildren(ParentRunner.java:236)
	at org.junit.runners.ParentRunner.access$000(ParentRunner.java:53)
	at org.junit.runners.ParentRunner$2.evaluate(ParentRunner.java:229)
	at org.junit.runners.ParentRunner.run(ParentRunner.java:309)
	at org.gradle.api.internal.tasks.testing.junit.JUnitTestClassExecuter.runTestClass(JUnitTestClassExecuter.java:86)
	at org.gradle.api.internal.tasks.testing.junit.JUnitTestClassExecuter.execute(JUnitTestClassExecuter.java:49)
	at org.gradle.api.internal.tasks.testing.junit.JUnitTestClassProcessor.processTestClass(JUnitTestClassProcessor.java:69)
	at org.gradle.api.internal.tasks.testing.SuiteTestClassProcessor.processTestClass(SuiteTestClassProcessor.java:48)
	at sun.reflect.NativeMethodAccessorImpl.invoke0(Native Method)
	at sun.reflect.NativeMethodAccessorImpl.invoke(NativeMethodAccessorImpl.java:62)
	at sun.reflect.DelegatingMethodAccessorImpl.invoke(DelegatingMethodAccessorImpl.java:43)
	at java.lang.reflect.Method.invoke(Method.java:498)
	at org.gradle.messaging.dispatch.ReflectionDispatch.dispatch(ReflectionDispatch.java:35)
	at org.gradle.messaging.dispatch.ReflectionDispatch.dispatch(ReflectionDispatch.java:24)
	at org.gradle.messaging.dispatch.ContextClassLoaderDispatch.dispatch(ContextClassLoaderDispatch.java:32)
	at org.gradle.messaging.dispatch.ProxyDispatchAdapter$DispatchingInvocationHandler.invoke(ProxyDispatchAdapter.java:93)
	at com.sun.proxy.$Proxy2.processTestClass(Unknown Source)
	at org.gradle.api.internal.tasks.testing.worker.TestWorker.processTestClass(TestWorker.java:105)
	at sun.reflect.NativeMethodAccessorImpl.invoke0(Native Method)
	at sun.reflect.NativeMethodAccessorImpl.invoke(NativeMethodAccessorImpl.java:62)
	at sun.reflect.DelegatingMethodAccessorImpl.invoke(DelegatingMethodAccessorImpl.java:43)
	at java.lang.reflect.Method.invoke(Method.java:498)
	at org.gradle.messaging.dispatch.ReflectionDispatch.dispatch(ReflectionDispatch.java:35)
	at org.gradle.messaging.dispatch.ReflectionDispatch.dispatch(ReflectionDispatch.java:24)
	at org.gradle.messaging.remote.internal.hub.MessageHub$Handler.run(MessageHub.java:355)
	at org.gradle.internal.concurrent.DefaultExecutorFactory$StoppableExecutorImpl$1.run(DefaultExecutorFactory.java:64)
	at java.util.concurrent.ThreadPoolExecutor.runWorker(ThreadPoolExecutor.java:1149)
	at java.util.concurrent.ThreadPoolExecutor$Worker.run(ThreadPoolExecutor.java:624)
	at java.lang.Thread.run(Thread.java:748)
</failure>
  </testcase>
  <testcase name="testTopMinutesShouldHave11Lamps" classname="com.ubs.opsit.interviews.BerlinClockTest" time="0.0"/>
  <testcase name="testTopHoursShouldHave4Lamps" classname="com.ubs.opsit.interviews.BerlinClockTest" time="0.0"/>
  <testcase name="testTopMinutesShouldHave3rd6thAnd9thLampsInRedToIndicateFirstQuarterHalfAndLastQuarter" classname="com.ubs.opsit.interviews.BerlinClockTest" time="0.0"/>
  <testcase name="testTopMinutesShouldLightYellowLampForEvery5MinutesUnlessItIsFirstQuarterHalfOrLastQuarter" classname="com.ubs.opsit.interviews.BerlinClockTest" time="0.001"/>
  <testcase name="testBottomMinutesShouldLightYellowLampForEveryMinuteLeftFromTopMinutes" classname="com.ubs.opsit.interviews.BerlinClockTest" time="0.0"/>
  <testcase name="testBottomHoursShouldHave4Lamps" classname="com.ubs.opsit.interviews.BerlinClockTest" time="0.0"/>
  <testcase name="testTopHoursShouldLightRedLampForEvery5Hours" classname="com.ubs.opsit.interviews.BerlinClockTest" time="0.0"/>
  <testcase name="testYellowLampShouldBlinkOnOffEveryTwoSeconds" classname="com.ubs.opsit.interviews.BerlinClockTest" time="0.0"/>
  <testcase name="testBottomHoursShouldLightRedLampForEveryHourLeftFromTopHours" classname="com.ubs.opsit.interviews.BerlinClockTest" time="0.0"/>
  <system-out><![CDATA[]]></system-out>
  <system-err><![CDATA[]]></system-err>
</testsuite>
